<?xml version="1.0" encoding="UTF-8"?>
<testsuite name="pl.pollub.powerstrong_server.controller.AuthControllerUnitTest" tests="2" skipped="0" failures="0" errors="0" timestamp="2025-12-08T01:06:51" hostname="DELL_BARTEK" time="0.256">
  <properties/>
  <testcase name="register_returns_ok_with_token()" classname="pl.pollub.powerstrong_server.controller.AuthControllerUnitTest" time="0.243"/>
  <testcase name="login_returns_token()" classname="pl.pollub.powerstrong_server.controller.AuthControllerUnitTest" time="0.011"/>
  <system-out><![CDATA[02:06:48.359 [Test worker] INFO org.springframework.test.context.support.AnnotationConfigContextLoaderUtils -- Could not detect default configuration classes for test class [pl.pollub.powerstrong_server.controller.AuthControllerUnitTest]: AuthControllerUnitTest does not declare any static, non-private, non-final, nested classes annotated with @Configuration.
02:06:48.510 [Test worker] INFO org.springframework.boot.test.context.SpringBootTestContextBootstrapper -- Found @SpringBootConfiguration pl.pollub.powerstrong_server.PowerstrongServerApplication for test class pl.pollub.powerstrong_server.controller.AuthControllerUnitTest

  .   ____          _            __ _ _
 /\\ / ___'_ __ _ _(_)_ __  __ _ \ \ \ \
( ( )\___ | '_ | '_| | '_ \/ _` | \ \ \ \
 \\/  ___)| |_)| | | | | || (_| |  ) ) ) )
  '  |____| .__|_| |_|_| |_\__, | / / / /
 =========|_|==============|___/=/_/_/_/

 :: Spring Boot ::                (v3.5.6)

2025-12-08T02:06:48.924+01:00  INFO 19208 --- [powerstrong_server] [    Test worker] p.p.p.controller.AuthControllerUnitTest  : Starting AuthControllerUnitTest using Java 17.0.12 with PID 19208 (started by barte in C:\powerstrong_server)
2025-12-08T02:06:48.925+01:00  INFO 19208 --- [powerstrong_server] [    Test worker] p.p.p.controller.AuthControllerUnitTest  : No active profile set, falling back to 1 default profile: "default"
2025-12-08T02:06:48.946+01:00 DEBUG 19208 --- [powerstrong_server] [    Test worker] o.s.w.c.s.GenericWebApplicationContext   : Refreshing org.springframework.web.context.support.GenericWebApplicationContext@60737b23
2025-12-08T02:06:50.750+01:00  WARN 19208 --- [powerstrong_server] [    Test worker] .s.s.UserDetailsServiceAutoConfiguration : 

Using generated security password: 5b4af597-ab77-4b64-8ac6-f959e6c85ded

This generated password is for development use only. Your security configuration must be updated before running your application in production.

2025-12-08T02:06:50.769+01:00  INFO 19208 --- [powerstrong_server] [    Test worker] r$InitializeUserDetailsManagerConfigurer : Global AuthenticationManager configured with UserDetailsService bean with name inMemoryUserDetailsManager
2025-12-08T02:06:51.018+01:00 DEBUG 19208 --- [powerstrong_server] [    Test worker] s.w.s.m.m.a.RequestMappingHandlerMapping : 4 mappings in 'requestMappingHandlerMapping'
2025-12-08T02:06:51.141+01:00 DEBUG 19208 --- [powerstrong_server] [    Test worker] o.s.w.s.handler.SimpleUrlHandlerMapping  : Patterns [/webjars/**, /**] in 'resourceHandlerMapping'
2025-12-08T02:06:51.178+01:00 DEBUG 19208 --- [powerstrong_server] [    Test worker] s.w.s.m.m.a.RequestMappingHandlerAdapter : ControllerAdvice beans: 0 @ModelAttribute, 0 @InitBinder, 1 RequestBodyAdvice, 1 ResponseBodyAdvice
2025-12-08T02:06:51.232+01:00 DEBUG 19208 --- [powerstrong_server] [    Test worker] .m.m.a.ExceptionHandlerExceptionResolver : ControllerAdvice beans: 3 @ExceptionHandler, 1 ResponseBodyAdvice
2025-12-08T02:06:51.301+01:00  INFO 19208 --- [powerstrong_server] [    Test worker] o.s.b.t.m.w.SpringBootMockServletContext : Initializing Spring TestDispatcherServlet ''
2025-12-08T02:06:51.301+01:00  INFO 19208 --- [powerstrong_server] [    Test worker] o.s.t.web.servlet.TestDispatcherServlet  : Initializing Servlet ''
2025-12-08T02:06:51.303+01:00  INFO 19208 --- [powerstrong_server] [    Test worker] o.s.t.web.servlet.TestDispatcherServlet  : Completed initialization in 1 ms
2025-12-08T02:06:51.354+01:00  INFO 19208 --- [powerstrong_server] [    Test worker] p.p.p.controller.AuthControllerUnitTest  : Started AuthControllerUnitTest in 2.756 seconds (process running for 3.9)
2025-12-08T02:06:51.480+01:00 DEBUG 19208 --- [powerstrong_server] [    Test worker] s.w.s.m.m.a.RequestMappingHandlerMapping : Mapped to pl.pollub.powerstrong_server.controller.AuthController#register(RegisterRequest)
2025-12-08T02:06:51.523+01:00 DEBUG 19208 --- [powerstrong_server] [    Test worker] m.m.a.RequestResponseBodyMethodProcessor : Read "application/json" to [RegisterRequest(username=u, email=e, password=p)]
2025-12-08T02:06:51.543+01:00 DEBUG 19208 --- [powerstrong_server] [    Test worker] o.s.w.s.m.m.a.HttpEntityMethodProcessor  : Using 'application/json', given [*/*] and supported [application/json, application/*+json]
2025-12-08T02:06:51.544+01:00 DEBUG 19208 --- [powerstrong_server] [    Test worker] o.s.w.s.m.m.a.HttpEntityMethodProcessor  : Writing [AuthResponse(token=t, username=u, userId=1)]
2025-12-08T02:06:51.614+01:00 DEBUG 19208 --- [powerstrong_server] [    Test worker] s.w.s.m.m.a.RequestMappingHandlerMapping : Mapped to pl.pollub.powerstrong_server.controller.AuthController#authenticate(LoginRequest)
2025-12-08T02:06:51.616+01:00 DEBUG 19208 --- [powerstrong_server] [    Test worker] m.m.a.RequestResponseBodyMethodProcessor : Read "application/json" to [LoginRequest(login=l, password=p)]
2025-12-08T02:06:51.617+01:00 DEBUG 19208 --- [powerstrong_server] [    Test worker] o.s.w.s.m.m.a.HttpEntityMethodProcessor  : Using 'application/json', given [*/*] and supported [application/json, application/*+json]
2025-12-08T02:06:51.617+01:00 DEBUG 19208 --- [powerstrong_server] [    Test worker] o.s.w.s.m.m.a.HttpEntityMethodProcessor  : Writing [AuthResponse(token=tok, username=l, userId=2)]
]]></system-out>
  <system-err><![CDATA[]]></system-err>
</testsuite>
