<?xml version="1.0" encoding="UTF-8"?>
<testsuite name="pl.pollub.powerstrong_server.controller.AuthControllerUnitTest" tests="2" skipped="0" failures="0" errors="0" timestamp="2025-12-13T21:38:49" hostname="DELL_BARTEK" time="0.278">
  <properties/>
  <testcase name="register_returns_ok_with_token()" classname="pl.pollub.powerstrong_server.controller.AuthControllerUnitTest" time="0.264"/>
  <testcase name="login_returns_token()" classname="pl.pollub.powerstrong_server.controller.AuthControllerUnitTest" time="0.012"/>
  <system-out><![CDATA[2025-12-13T22:38:48.737+01:00  INFO 912 --- [powerstrong_server] [    Test worker] t.c.s.AnnotationConfigContextLoaderUtils : Could not detect default configuration classes for test class [pl.pollub.powerstrong_server.controller.AuthControllerUnitTest]: AuthControllerUnitTest does not declare any static, non-private, non-final, nested classes annotated with @Configuration.
2025-12-13T22:38:48.773+01:00  INFO 912 --- [powerstrong_server] [    Test worker] .b.t.c.SpringBootTestContextBootstrapper : Found @SpringBootConfiguration pl.pollub.powerstrong_server.PowerstrongServerApplication for test class pl.pollub.powerstrong_server.controller.AuthControllerUnitTest

  .   ____          _            __ _ _
 /\\ / ___'_ __ _ _(_)_ __  __ _ \ \ \ \
( ( )\___ | '_ | '_| | '_ \/ _` | \ \ \ \
 \\/  ___)| |_)| | | | | || (_| |  ) ) ) )
  '  |____| .__|_| |_|_| |_\__, | / / / /
 =========|_|==============|___/=/_/_/_/

 :: Spring Boot ::                (v3.5.6)

2025-12-13T22:38:48.802+01:00  INFO 912 --- [powerstrong_server] [    Test worker] p.p.p.controller.AuthControllerUnitTest  : Starting AuthControllerUnitTest using Java 17.0.12 with PID 912 (started by barte in C:\powerstrong_server)
2025-12-13T22:38:48.802+01:00  INFO 912 --- [powerstrong_server] [    Test worker] p.p.p.controller.AuthControllerUnitTest  : No active profile set, falling back to 1 default profile: "default"
2025-12-13T22:38:48.805+01:00 DEBUG 912 --- [powerstrong_server] [    Test worker] o.s.w.c.s.GenericWebApplicationContext   : Refreshing org.springframework.web.context.support.GenericWebApplicationContext@a9375dd
2025-12-13T22:38:49.278+01:00  WARN 912 --- [powerstrong_server] [    Test worker] .s.s.UserDetailsServiceAutoConfiguration : 

Using generated security password: 5a12b7ca-53de-4595-8091-ec796f19e6ba

This generated password is for development use only. Your security configuration must be updated before running your application in production.

2025-12-13T22:38:49.283+01:00  INFO 912 --- [powerstrong_server] [    Test worker] r$InitializeUserDetailsManagerConfigurer : Global AuthenticationManager configured with UserDetailsService bean with name inMemoryUserDetailsManager
2025-12-13T22:38:49.348+01:00 DEBUG 912 --- [powerstrong_server] [    Test worker] s.w.s.m.m.a.RequestMappingHandlerMapping : 4 mappings in 'requestMappingHandlerMapping'
2025-12-13T22:38:49.395+01:00 DEBUG 912 --- [powerstrong_server] [    Test worker] o.s.w.s.handler.SimpleUrlHandlerMapping  : Patterns [/webjars/**, /**] in 'resourceHandlerMapping'
2025-12-13T22:38:49.403+01:00 DEBUG 912 --- [powerstrong_server] [    Test worker] s.w.s.m.m.a.RequestMappingHandlerAdapter : ControllerAdvice beans: 0 @ModelAttribute, 0 @InitBinder, 1 RequestBodyAdvice, 1 ResponseBodyAdvice
2025-12-13T22:38:49.411+01:00 DEBUG 912 --- [powerstrong_server] [    Test worker] .m.m.a.ExceptionHandlerExceptionResolver : ControllerAdvice beans: 3 @ExceptionHandler, 1 ResponseBodyAdvice
2025-12-13T22:38:49.440+01:00  INFO 912 --- [powerstrong_server] [    Test worker] o.s.b.t.m.w.SpringBootMockServletContext : Initializing Spring TestDispatcherServlet ''
2025-12-13T22:38:49.440+01:00  INFO 912 --- [powerstrong_server] [    Test worker] o.s.t.web.servlet.TestDispatcherServlet  : Initializing Servlet ''
2025-12-13T22:38:49.441+01:00  INFO 912 --- [powerstrong_server] [    Test worker] o.s.t.web.servlet.TestDispatcherServlet  : Completed initialization in 1 ms
2025-12-13T22:38:49.459+01:00  INFO 912 --- [powerstrong_server] [    Test worker] p.p.p.controller.AuthControllerUnitTest  : Started AuthControllerUnitTest in 0.681 seconds (process running for 7.559)
2025-12-13T22:38:49.602+01:00 DEBUG 912 --- [powerstrong_server] [    Test worker] s.w.s.m.m.a.RequestMappingHandlerMapping : Mapped to pl.pollub.powerstrong_server.controller.AuthController#register(RegisterRequest)
2025-12-13T22:38:49.650+01:00 DEBUG 912 --- [powerstrong_server] [    Test worker] m.m.a.RequestResponseBodyMethodProcessor : Read "application/json" to [RegisterRequest(username=u, email=e, password=p)]
2025-12-13T22:38:49.670+01:00 DEBUG 912 --- [powerstrong_server] [    Test worker] o.s.w.s.m.m.a.HttpEntityMethodProcessor  : Using 'application/json', given [*/*] and supported [application/json, application/*+json]
2025-12-13T22:38:49.671+01:00 DEBUG 912 --- [powerstrong_server] [    Test worker] o.s.w.s.m.m.a.HttpEntityMethodProcessor  : Writing [AuthResponse(token=t, username=u, userId=1)]
2025-12-13T22:38:49.738+01:00 DEBUG 912 --- [powerstrong_server] [    Test worker] s.w.s.m.m.a.RequestMappingHandlerMapping : Mapped to pl.pollub.powerstrong_server.controller.AuthController#authenticate(LoginRequest)
2025-12-13T22:38:49.740+01:00 DEBUG 912 --- [powerstrong_server] [    Test worker] m.m.a.RequestResponseBodyMethodProcessor : Read "application/json" to [LoginRequest(login=l, password=p)]
2025-12-13T22:38:49.740+01:00 DEBUG 912 --- [powerstrong_server] [    Test worker] o.s.w.s.m.m.a.HttpEntityMethodProcessor  : Using 'application/json', given [*/*] and supported [application/json, application/*+json]
2025-12-13T22:38:49.741+01:00 DEBUG 912 --- [powerstrong_server] [    Test worker] o.s.w.s.m.m.a.HttpEntityMethodProcessor  : Writing [AuthResponse(token=tok, username=l, userId=2)]
]]></system-out>
  <system-err><![CDATA[]]></system-err>
</testsuite>
