<?xml version="1.0" encoding="UTF-8"?>
<testsuite name="pl.pollub.powerstrong_server.integration.ReferenceDataIntegrationTest" tests="1" skipped="0" failures="0" errors="0" timestamp="2025-12-13T21:38:52" hostname="DELL_BARTEK" time="0.062">
  <properties/>
  <testcase name="get_reference_endpoints_return_200()" classname="pl.pollub.powerstrong_server.integration.ReferenceDataIntegrationTest" time="0.062"/>
  <system-out><![CDATA[2025-12-13T22:38:52.807+01:00  INFO 912 --- [powerstrong_server] [    Test worker] t.c.s.AnnotationConfigContextLoaderUtils : Could not detect default configuration classes for test class [pl.pollub.powerstrong_server.integration.ReferenceDataIntegrationTest]: ReferenceDataIntegrationTest does not declare any static, non-private, non-final, nested classes annotated with @Configuration.
2025-12-13T22:38:52.811+01:00  INFO 912 --- [powerstrong_server] [    Test worker] .b.t.c.SpringBootTestContextBootstrapper : Found @SpringBootConfiguration pl.pollub.powerstrong_server.PowerstrongServerApplication for test class pl.pollub.powerstrong_server.integration.ReferenceDataIntegrationTest
2025-12-13T22:38:52.817+01:00 DEBUG 912 --- [powerstrong_server] [    Test worker] s.w.s.m.m.a.RequestMappingHandlerMapping : Mapped to pl.pollub.powerstrong_server.controller.ReferenceDataController#getAllExercises()
2025-12-13T22:38:52.825+01:00 DEBUG 912 --- [powerstrong_server] [    Test worker] org.hibernate.SQL                        : 
    select
        distinct e1_0.id,
        e1_0.description,
        ec1_0.id,
        ec1_0.category_name,
        e1_0.is_bodyweight,
        mp1_0.exercise_id,
        mp1_1.id,
        mp1_1.name,
        e1_0.name,
        tmg1_0.exercise_id,
        tmg1_1.id,
        tmg1_1.name 
    from
        exercise e1_0 
    left join
        exercise_category ec1_0 
            on ec1_0.id=e1_0.exercise_category_id 
    left join
        exercise_has_movement_pattern mp1_0 
            on e1_0.id=mp1_0.exercise_id 
    left join
        movement_pattern mp1_1 
            on mp1_1.id=mp1_0.movement_pattern_id 
    left join
        exercise_target_muscle_group tmg1_0 
            on e1_0.id=tmg1_0.exercise_id 
    left join
        target_muscle_group tmg1_1 
            on tmg1_1.id=tmg1_0.target_muscle_group_id
Hibernate: 
    select
        distinct e1_0.id,
        e1_0.description,
        ec1_0.id,
        ec1_0.category_name,
        e1_0.is_bodyweight,
        mp1_0.exercise_id,
        mp1_1.id,
        mp1_1.name,
        e1_0.name,
        tmg1_0.exercise_id,
        tmg1_1.id,
        tmg1_1.name 
    from
        exercise e1_0 
    left join
        exercise_category ec1_0 
            on ec1_0.id=e1_0.exercise_category_id 
    left join
        exercise_has_movement_pattern mp1_0 
            on e1_0.id=mp1_0.exercise_id 
    left join
        movement_pattern mp1_1 
            on mp1_1.id=mp1_0.movement_pattern_id 
    left join
        exercise_target_muscle_group tmg1_0 
            on e1_0.id=tmg1_0.exercise_id 
    left join
        target_muscle_group tmg1_1 
            on tmg1_1.id=tmg1_0.target_muscle_group_id
2025-12-13T22:38:52.830+01:00 DEBUG 912 --- [powerstrong_server] [    Test worker] o.s.w.s.m.m.a.HttpEntityMethodProcessor  : Using 'application/json', given [*/*] and supported [application/json, application/*+json]
2025-12-13T22:38:52.831+01:00 DEBUG 912 --- [powerstrong_server] [    Test worker] o.s.w.s.m.m.a.HttpEntityMethodProcessor  : Writing [[]]
2025-12-13T22:38:52.832+01:00 DEBUG 912 --- [powerstrong_server] [    Test worker] s.w.s.m.m.a.RequestMappingHandlerMapping : Mapped to pl.pollub.powerstrong_server.controller.ReferenceDataController#getAllCategories()
2025-12-13T22:38:52.845+01:00 DEBUG 912 --- [powerstrong_server] [    Test worker] org.hibernate.SQL                        : 
    select
        ec1_0.id,
        ec1_0.category_name 
    from
        exercise_category ec1_0
Hibernate: 
    select
        ec1_0.id,
        ec1_0.category_name 
    from
        exercise_category ec1_0
2025-12-13T22:38:52.847+01:00 DEBUG 912 --- [powerstrong_server] [    Test worker] o.s.w.s.m.m.a.HttpEntityMethodProcessor  : Using 'application/json', given [*/*] and supported [application/json, application/*+json]
2025-12-13T22:38:52.847+01:00 DEBUG 912 --- [powerstrong_server] [    Test worker] o.s.w.s.m.m.a.HttpEntityMethodProcessor  : Writing [[]]
2025-12-13T22:38:52.848+01:00 DEBUG 912 --- [powerstrong_server] [    Test worker] s.w.s.m.m.a.RequestMappingHandlerMapping : Mapped to pl.pollub.powerstrong_server.controller.ReferenceDataController#getAllMovementPatterns()
2025-12-13T22:38:52.850+01:00 DEBUG 912 --- [powerstrong_server] [    Test worker] org.hibernate.SQL                        : 
    select
        mp1_0.id,
        mp1_0.name 
    from
        movement_pattern mp1_0
Hibernate: 
    select
        mp1_0.id,
        mp1_0.name 
    from
        movement_pattern mp1_0
2025-12-13T22:38:52.852+01:00 DEBUG 912 --- [powerstrong_server] [    Test worker] o.s.w.s.m.m.a.HttpEntityMethodProcessor  : Using 'application/json', given [*/*] and supported [application/json, application/*+json]
2025-12-13T22:38:52.852+01:00 DEBUG 912 --- [powerstrong_server] [    Test worker] o.s.w.s.m.m.a.HttpEntityMethodProcessor  : Writing [[]]
2025-12-13T22:38:52.854+01:00 DEBUG 912 --- [powerstrong_server] [    Test worker] s.w.s.m.m.a.RequestMappingHandlerMapping : Mapped to pl.pollub.powerstrong_server.controller.ReferenceDataController#getAllTargetMuscleGroups()
2025-12-13T22:38:52.856+01:00 DEBUG 912 --- [powerstrong_server] [    Test worker] org.hibernate.SQL                        : 
    select
        tmg1_0.id,
        tmg1_0.name 
    from
        target_muscle_group tmg1_0
Hibernate: 
    select
        tmg1_0.id,
        tmg1_0.name 
    from
        target_muscle_group tmg1_0
2025-12-13T22:38:52.859+01:00 DEBUG 912 --- [powerstrong_server] [    Test worker] o.s.w.s.m.m.a.HttpEntityMethodProcessor  : Using 'application/json', given [*/*] and supported [application/json, application/*+json]
2025-12-13T22:38:52.859+01:00 DEBUG 912 --- [powerstrong_server] [    Test worker] o.s.w.s.m.m.a.HttpEntityMethodProcessor  : Writing [[]]
2025-12-13T22:38:52.861+01:00 DEBUG 912 --- [powerstrong_server] [    Test worker] s.w.s.m.m.a.RequestMappingHandlerMapping : Mapped to pl.pollub.powerstrong_server.controller.ReferenceDataController#getAllEffortTypes()
2025-12-13T22:38:52.863+01:00 DEBUG 912 --- [powerstrong_server] [    Test worker] org.hibernate.SQL                        : 
    select
        et1_0.id,
        et1_0.description,
        et1_0.effort_type_name 
    from
        effort_type et1_0
Hibernate: 
    select
        et1_0.id,
        et1_0.description,
        et1_0.effort_type_name 
    from
        effort_type et1_0
2025-12-13T22:38:52.865+01:00 DEBUG 912 --- [powerstrong_server] [    Test worker] o.s.w.s.m.m.a.HttpEntityMethodProcessor  : Using 'application/json', given [*/*] and supported [application/json, application/*+json]
2025-12-13T22:38:52.865+01:00 DEBUG 912 --- [powerstrong_server] [    Test worker] o.s.w.s.m.m.a.HttpEntityMethodProcessor  : Writing [[]]
2025-12-13T22:38:52.867+01:00 DEBUG 912 --- [powerstrong_server] [    Test worker] s.w.s.m.m.a.RequestMappingHandlerMapping : Mapped to pl.pollub.powerstrong_server.controller.ReferenceDataController#getAllTrainingMethods()
2025-12-13T22:38:52.869+01:00 DEBUG 912 --- [powerstrong_server] [    Test worker] org.hibernate.SQL                        : 
    select
        tm1_0.id,
        tm1_0.description,
        tm1_0.duration_of_cycle,
        tm1_0.name 
    from
        training_method tm1_0
Hibernate: 
    select
        tm1_0.id,
        tm1_0.description,
        tm1_0.duration_of_cycle,
        tm1_0.name 
    from
        training_method tm1_0
2025-12-13T22:38:52.871+01:00 DEBUG 912 --- [powerstrong_server] [    Test worker] o.s.w.s.m.m.a.HttpEntityMethodProcessor  : Using 'application/json', given [*/*] and supported [application/json, application/*+json]
2025-12-13T22:38:52.871+01:00 DEBUG 912 --- [powerstrong_server] [    Test worker] o.s.w.s.m.m.a.HttpEntityMethodProcessor  : Writing [[]]
]]></system-out>
  <system-err><![CDATA[]]></system-err>
</testsuite>
